c:\users\qpollet\documents\bts sn pollet quentin\1ere annee\informatique\projetjsqtcplus\client c++\tcpipqt\x64\debug\moc_tcpipqt.obj
c:\users\qpollet\documents\bts sn pollet quentin\1ere annee\informatique\projetjsqtcplus\client c++\tcpipqt\x64\debug\qrc_tcpipqt.obj
c:\users\qpollet\documents\bts sn pollet quentin\1ere annee\informatique\projetjsqtcplus\client c++\tcpipqt\x64\debug\vc141.pdb
c:\users\qpollet\documents\bts sn pollet quentin\1ere annee\informatique\projetjsqtcplus\client c++\tcpipqt\x64\debug\tcpipqt.obj
c:\users\qpollet\documents\bts sn pollet quentin\1ere annee\informatique\projetjsqtcplus\client c++\tcpipqt\x64\debug\main.obj
c:\users\qpollet\documents\bts sn pollet quentin\1ere annee\informatique\projetjsqtcplus\client c++\x64\debug\tcpipqt.exe
c:\users\qpollet\documents\bts sn pollet quentin\1ere annee\informatique\projetjsqtcplus\client c++\x64\debug\tcpipqt.ilk
c:\users\qpollet\documents\bts sn pollet quentin\1ere annee\informatique\projetjsqtcplus\client c++\x64\debug\tcpipqt.pdb
c:\users\qpollet\documents\bts sn pollet quentin\1ere annee\informatique\projetjsqtcplus\client c++\tcpipqt\x64\debug\moc\moc_tcpipqt.cpp
c:\users\qpollet\documents\bts sn pollet quentin\1ere annee\informatique\projetjsqtcplus\client c++\tcpipqt\x64\debug\rcc\qrc_tcpipqt.cpp
c:\users\qpollet\source\repos\tcpipqt\tcpipqt\x64\debug\uic\ui_tcpipqt.h
c:\users\qpollet\source\repos\tcpipqt\tcpipqt\x64\debug\rcc\qrc_tcpipqt.cpp
c:\users\qpollet\source\repos\tcpipqt\tcpipqt\x64\debug\moc\moc_tcpipqt.cpp
c:\users\qpollet\documents\bts sn pollet quentin\1ere annee\informatique\projetjsqtcplus\client c++\tcpipqt\x64\debug\uic\ui_tcpipqt.h
c:\users\qpollet\documents\bts sn pollet quentin\1ere annee\informatique\projetjsqtcplus\client c++\tcpipqt\x64\debug\vc143.pdb
c:\users\qpollet\documents\bts sn pollet quentin\1ere annee\informatique\projetjsqtcplus\client c++\tcpipqt\x64\debug\tcpipqt.tlog\cl.command.1.tlog
c:\users\qpollet\documents\bts sn pollet quentin\1ere annee\informatique\projetjsqtcplus\client c++\tcpipqt\x64\debug\tcpipqt.tlog\cl.read.1.tlog
c:\users\qpollet\documents\bts sn pollet quentin\1ere annee\informatique\projetjsqtcplus\client c++\tcpipqt\x64\debug\tcpipqt.tlog\cl.write.1.tlog
c:\users\qpollet\documents\bts sn pollet quentin\1ere annee\informatique\projetjsqtcplus\client c++\tcpipqt\x64\debug\tcpipqt.tlog\link.10784.delete.1.tlog
c:\users\qpollet\documents\bts sn pollet quentin\1ere annee\informatique\projetjsqtcplus\client c++\tcpipqt\x64\debug\tcpipqt.tlog\link.10932.delete.1.tlog
c:\users\qpollet\documents\bts sn pollet quentin\1ere annee\informatique\projetjsqtcplus\client c++\tcpipqt\x64\debug\tcpipqt.tlog\link.11804.delete.1.tlog
c:\users\qpollet\documents\bts sn pollet quentin\1ere annee\informatique\projetjsqtcplus\client c++\tcpipqt\x64\debug\tcpipqt.tlog\link.3012.delete.1.tlog
c:\users\qpollet\documents\bts sn pollet quentin\1ere annee\informatique\projetjsqtcplus\client c++\tcpipqt\x64\debug\tcpipqt.tlog\link.command.1.tlog
c:\users\qpollet\documents\bts sn pollet quentin\1ere annee\informatique\projetjsqtcplus\client c++\tcpipqt\x64\debug\tcpipqt.tlog\link.delete.1.tlog
c:\users\qpollet\documents\bts sn pollet quentin\1ere annee\informatique\projetjsqtcplus\client c++\tcpipqt\x64\debug\tcpipqt.tlog\link.read.1.tlog
c:\users\qpollet\documents\bts sn pollet quentin\1ere annee\informatique\projetjsqtcplus\client c++\tcpipqt\x64\debug\tcpipqt.tlog\link.write.1.tlog
c:\users\qpollet\documents\bts sn pollet quentin\1ere annee\informatique\projetjsqtcplus\client c++\tcpipqt\x64\debug\tcpipqt.tlog\moc.read.1u.tlog
c:\users\qpollet\documents\bts sn pollet quentin\1ere annee\informatique\projetjsqtcplus\client c++\tcpipqt\x64\debug\tcpipqt.tlog\moc.write.1u.tlog
c:\users\qpollet\documents\bts sn pollet quentin\1ere annee\informatique\projetjsqtcplus\client c++\tcpipqt\x64\debug\tcpipqt.tlog\rcc.read.1u.tlog
c:\users\qpollet\documents\bts sn pollet quentin\1ere annee\informatique\projetjsqtcplus\client c++\tcpipqt\x64\debug\tcpipqt.tlog\rcc.write.1u.tlog
c:\users\qpollet\documents\bts sn pollet quentin\1ere annee\informatique\projetjsqtcplus\client c++\tcpipqt\x64\debug\tcpipqt.tlog\tcpipqt.write.1u.tlog
c:\users\qpollet\documents\bts sn pollet quentin\1ere annee\informatique\projetjsqtcplus\client c++\tcpipqt\x64\debug\tcpipqt.tlog\uic.read.1u.tlog
c:\users\qpollet\documents\bts sn pollet quentin\1ere annee\informatique\projetjsqtcplus\client c++\tcpipqt\x64\debug\tcpipqt.tlog\uic.write.1u.tlog
